<?xml version="1.0" encoding="UTF-8"?>
<testsuite name="project.noticeboard.Repository.user.UserRepositoryTest" tests="1" skipped="0" failures="0" errors="0" timestamp="2022-09-26T09:09:59" hostname="DESKTOP-4N28F0B" time="0.194">
  <properties/>
  <testcase name="findByEmail()" classname="project.noticeboard.Repository.user.UserRepositoryTest" time="0.194"/>
  <system-out><![CDATA[2022-09-26 18:09:59.517  INFO 3300 --- [    Test worker] .b.t.c.SpringBootTestContextBootstrapper : Neither @ContextConfiguration nor @ContextHierarchy found for test class [project.noticeboard.Repository.user.UserRepositoryTest], using SpringBootContextLoader
2022-09-26 18:09:59.518  INFO 3300 --- [    Test worker] o.s.t.c.support.AbstractContextLoader    : Could not detect default resource locations for test class [project.noticeboard.Repository.user.UserRepositoryTest]: no resource found for suffixes {-context.xml, Context.groovy}.
2022-09-26 18:09:59.518  INFO 3300 --- [    Test worker] t.c.s.AnnotationConfigContextLoaderUtils : Could not detect default configuration classes for test class [project.noticeboard.Repository.user.UserRepositoryTest]: UserRepositoryTest does not declare any static, non-private, non-final, nested classes annotated with @Configuration.
2022-09-26 18:09:59.524  INFO 3300 --- [    Test worker] .b.t.c.SpringBootTestContextBootstrapper : Found @SpringBootConfiguration project.noticeboard.NoticeboardApplication for test class project.noticeboard.Repository.user.UserRepositoryTest
2022-09-26 18:09:59.526  INFO 3300 --- [    Test worker] .b.t.c.SpringBootTestContextBootstrapper : Loaded default TestExecutionListener class names from location [META-INF/spring.factories]: [org.springframework.security.test.context.support.WithSecurityContextTestExecutionListener, org.springframework.security.test.context.support.ReactorContextTestExecutionListener, org.springframework.boot.test.autoconfigure.restdocs.RestDocsTestExecutionListener, org.springframework.boot.test.autoconfigure.web.client.MockRestServiceServerResetTestExecutionListener, org.springframework.boot.test.autoconfigure.web.servlet.MockMvcPrintOnlyOnFailureTestExecutionListener, org.springframework.boot.test.autoconfigure.web.servlet.WebDriverTestExecutionListener, org.springframework.boot.test.autoconfigure.webservices.client.MockWebServiceServerTestExecutionListener, org.springframework.boot.test.mock.mockito.MockitoTestExecutionListener, org.springframework.boot.test.mock.mockito.ResetMocksTestExecutionListener, org.springframework.test.context.web.ServletTestExecutionListener, org.springframework.test.context.support.DirtiesContextBeforeModesTestExecutionListener, org.springframework.test.context.event.ApplicationEventsTestExecutionListener, org.springframework.test.context.support.DependencyInjectionTestExecutionListener, org.springframework.test.context.support.DirtiesContextTestExecutionListener, org.springframework.test.context.transaction.TransactionalTestExecutionListener, org.springframework.test.context.jdbc.SqlScriptsTestExecutionListener, org.springframework.test.context.event.EventPublishingTestExecutionListener]
2022-09-26 18:09:59.528  INFO 3300 --- [    Test worker] .b.t.c.SpringBootTestContextBootstrapper : Using TestExecutionListeners: [org.springframework.test.context.web.ServletTestExecutionListener@1ebcfcf1, org.springframework.test.context.support.DirtiesContextBeforeModesTestExecutionListener@8e100e7, org.springframework.test.context.event.ApplicationEventsTestExecutionListener@420dde28, org.springframework.boot.test.mock.mockito.MockitoTestExecutionListener@6d3a56ea, org.springframework.boot.test.autoconfigure.SpringBootDependencyInjectionTestExecutionListener@141874c8, org.springframework.test.context.support.DirtiesContextTestExecutionListener@147ea894, org.springframework.test.context.transaction.TransactionalTestExecutionListener@38aed8ad, org.springframework.test.context.jdbc.SqlScriptsTestExecutionListener@79c4454, org.springframework.security.test.context.support.WithSecurityContextTestExecutionListener@50f5ce5b, org.springframework.test.context.event.EventPublishingTestExecutionListener@31aee6d9, org.springframework.security.test.context.support.ReactorContextTestExecutionListener@7f0b2bf1, org.springframework.boot.test.autoconfigure.restdocs.RestDocsTestExecutionListener@1a507ea0, org.springframework.boot.test.autoconfigure.web.client.MockRestServiceServerResetTestExecutionListener@64a9fca7, org.springframework.boot.test.autoconfigure.web.servlet.MockMvcPrintOnlyOnFailureTestExecutionListener@22f756c5, org.springframework.boot.test.autoconfigure.web.servlet.WebDriverTestExecutionListener@485a5c9, org.springframework.boot.test.autoconfigure.webservices.client.MockWebServiceServerTestExecutionListener@1d397e87, org.springframework.boot.test.mock.mockito.ResetMocksTestExecutionListener@36def543]
Hibernate: insert into users (created_date, modified_date, email, name, picture, role) values (?, ?, ?, ?, ?, ?)
Hibernate: select user0_.id as id1_1_, user0_.created_date as created_2_1_, user0_.modified_date as modified3_1_, user0_.email as email4_1_, user0_.name as name5_1_, user0_.picture as picture6_1_, user0_.role as role7_1_ from users user0_ where user0_.email=?
]]></system-out>
  <system-err><![CDATA[]]></system-err>
</testsuite>
