<?xml version="1.0" encoding="UTF-8"?>
<testsuite name="project.noticeboard.NoticeboardApplicationTests" tests="1" skipped="0" failures="0" errors="0" timestamp="2022-09-26T09:09:59" hostname="DESKTOP-4N28F0B" time="0.175">
  <properties/>
  <testcase name="contextLoads()" classname="project.noticeboard.NoticeboardApplicationTests" time="0.175"/>
  <system-out><![CDATA[18:09:53.515 [Test worker] DEBUG org.springframework.test.context.BootstrapUtils - Instantiating CacheAwareContextLoaderDelegate from class [org.springframework.test.context.cache.DefaultCacheAwareContextLoaderDelegate]
18:09:53.528 [Test worker] DEBUG org.springframework.test.context.BootstrapUtils - Instantiating BootstrapContext using constructor [public org.springframework.test.context.support.DefaultBootstrapContext(java.lang.Class,org.springframework.test.context.CacheAwareContextLoaderDelegate)]
18:09:53.562 [Test worker] DEBUG org.springframework.test.context.BootstrapUtils - Instantiating TestContextBootstrapper for test class [project.noticeboard.NoticeboardApplicationTests] from class [org.springframework.boot.test.context.SpringBootTestContextBootstrapper]
18:09:53.575 [Test worker] INFO org.springframework.boot.test.context.SpringBootTestContextBootstrapper - Neither @ContextConfiguration nor @ContextHierarchy found for test class [project.noticeboard.NoticeboardApplicationTests], using SpringBootContextLoader
18:09:53.580 [Test worker] DEBUG org.springframework.test.context.support.AbstractContextLoader - Did not detect default resource location for test class [project.noticeboard.NoticeboardApplicationTests]: class path resource [project/noticeboard/NoticeboardApplicationTests-context.xml] does not exist
18:09:53.580 [Test worker] DEBUG org.springframework.test.context.support.AbstractContextLoader - Did not detect default resource location for test class [project.noticeboard.NoticeboardApplicationTests]: class path resource [project/noticeboard/NoticeboardApplicationTestsContext.groovy] does not exist
18:09:53.581 [Test worker] INFO org.springframework.test.context.support.AbstractContextLoader - Could not detect default resource locations for test class [project.noticeboard.NoticeboardApplicationTests]: no resource found for suffixes {-context.xml, Context.groovy}.
18:09:53.581 [Test worker] INFO org.springframework.test.context.support.AnnotationConfigContextLoaderUtils - Could not detect default configuration classes for test class [project.noticeboard.NoticeboardApplicationTests]: NoticeboardApplicationTests does not declare any static, non-private, non-final, nested classes annotated with @Configuration.
18:09:53.624 [Test worker] DEBUG org.springframework.test.context.support.ActiveProfilesUtils - Could not find an 'annotation declaring class' for annotation type [org.springframework.test.context.ActiveProfiles] and class [project.noticeboard.NoticeboardApplicationTests]
18:09:53.683 [Test worker] DEBUG org.springframework.context.annotation.ClassPathScanningCandidateComponentProvider - Identified candidate component class: file [C:\Users\qlqkt\noticeboard\build\classes\java\main\project\noticeboard\NoticeboardApplication.class]
18:09:53.684 [Test worker] INFO org.springframework.boot.test.context.SpringBootTestContextBootstrapper - Found @SpringBootConfiguration project.noticeboard.NoticeboardApplication for test class project.noticeboard.NoticeboardApplicationTests
18:09:53.779 [Test worker] DEBUG org.springframework.boot.test.context.SpringBootTestContextBootstrapper - @TestExecutionListeners is not present for class [project.noticeboard.NoticeboardApplicationTests]: using defaults.
18:09:53.779 [Test worker] INFO org.springframework.boot.test.context.SpringBootTestContextBootstrapper - Loaded default TestExecutionListener class names from location [META-INF/spring.factories]: [org.springframework.security.test.context.support.WithSecurityContextTestExecutionListener, org.springframework.security.test.context.support.ReactorContextTestExecutionListener, org.springframework.boot.test.autoconfigure.restdocs.RestDocsTestExecutionListener, org.springframework.boot.test.autoconfigure.web.client.MockRestServiceServerResetTestExecutionListener, org.springframework.boot.test.autoconfigure.web.servlet.MockMvcPrintOnlyOnFailureTestExecutionListener, org.springframework.boot.test.autoconfigure.web.servlet.WebDriverTestExecutionListener, org.springframework.boot.test.autoconfigure.webservices.client.MockWebServiceServerTestExecutionListener, org.springframework.boot.test.mock.mockito.MockitoTestExecutionListener, org.springframework.boot.test.mock.mockito.ResetMocksTestExecutionListener, org.springframework.test.context.web.ServletTestExecutionListener, org.springframework.test.context.support.DirtiesContextBeforeModesTestExecutionListener, org.springframework.test.context.event.ApplicationEventsTestExecutionListener, org.springframework.test.context.support.DependencyInjectionTestExecutionListener, org.springframework.test.context.support.DirtiesContextTestExecutionListener, org.springframework.test.context.transaction.TransactionalTestExecutionListener, org.springframework.test.context.jdbc.SqlScriptsTestExecutionListener, org.springframework.test.context.event.EventPublishingTestExecutionListener]
18:09:53.799 [Test worker] INFO org.springframework.boot.test.context.SpringBootTestContextBootstrapper - Using TestExecutionListeners: [org.springframework.test.context.web.ServletTestExecutionListener@6e16b8b5, org.springframework.test.context.support.DirtiesContextBeforeModesTestExecutionListener@43b4fe19, org.springframework.test.context.event.ApplicationEventsTestExecutionListener@25ddbbbb, org.springframework.boot.test.mock.mockito.MockitoTestExecutionListener@1536602f, org.springframework.boot.test.autoconfigure.SpringBootDependencyInjectionTestExecutionListener@4ebea12c, org.springframework.test.context.support.DirtiesContextTestExecutionListener@2a1edad4, org.springframework.test.context.transaction.TransactionalTestExecutionListener@6256ac4f, org.springframework.test.context.jdbc.SqlScriptsTestExecutionListener@44c79f32, org.springframework.security.test.context.support.WithSecurityContextTestExecutionListener@7fcbe147, org.springframework.test.context.event.EventPublishingTestExecutionListener@235f4c10, org.springframework.security.test.context.support.ReactorContextTestExecutionListener@743cb8e0, org.springframework.boot.test.autoconfigure.restdocs.RestDocsTestExecutionListener@c7a975a, org.springframework.boot.test.autoconfigure.web.client.MockRestServiceServerResetTestExecutionListener@2c1b9e4b, org.springframework.boot.test.autoconfigure.web.servlet.MockMvcPrintOnlyOnFailureTestExecutionListener@757d6814, org.springframework.boot.test.autoconfigure.web.servlet.WebDriverTestExecutionListener@649725e3, org.springframework.boot.test.autoconfigure.webservices.client.MockWebServiceServerTestExecutionListener@3c0fae6c, org.springframework.boot.test.mock.mockito.ResetMocksTestExecutionListener@4c168660]
18:09:53.803 [Test worker] DEBUG org.springframework.test.context.support.AbstractDirtiesContextTestExecutionListener - Before test class: context [DefaultTestContext@6175619b testClass = NoticeboardApplicationTests, testInstance = [null], testMethod = [null], testException = [null], mergedContextConfiguration = [WebMergedContextConfiguration@2f058b8a testClass = NoticeboardApplicationTests, locations = '{}', classes = '{class project.noticeboard.NoticeboardApplication}', contextInitializerClasses = '[]', activeProfiles = '{}', propertySourceLocations = '{}', propertySourceProperties = '{org.springframework.boot.test.context.SpringBootTestContextBootstrapper=true}', contextCustomizers = set[org.springframework.boot.test.autoconfigure.actuate.metrics.MetricsExportContextCustomizerFactory$DisableMetricExportContextCustomizer@41709512, org.springframework.boot.test.autoconfigure.properties.PropertyMappingContextCustomizer@0, org.springframework.boot.test.autoconfigure.web.servlet.WebDriverContextCustomizerFactory$Customizer@6155d082, org.springframework.boot.test.context.filter.ExcludeFilterContextCustomizer@2dcd168a, org.springframework.boot.test.json.DuplicateJsonObjectContextCustomizerFactory$DuplicateJsonObjectContextCustomizer@531f4093, org.springframework.boot.test.mock.mockito.MockitoContextCustomizer@0, org.springframework.boot.test.web.client.TestRestTemplateContextCustomizer@3568f9d2, org.springframework.boot.test.context.SpringBootTestArgs@1, org.springframework.boot.test.context.SpringBootTestWebEnvironment@693fe6c9], resourceBasePath = 'src/main/webapp', contextLoader = 'org.springframework.boot.test.context.SpringBootContextLoader', parent = [null]], attributes = map['org.springframework.test.context.web.ServletTestExecutionListener.activateListener' -> true]], class annotated with @DirtiesContext [false] with mode [null].

  .   ____          _            __ _ _
 /\\ / ___'_ __ _ _(_)_ __  __ _ \ \ \ \
( ( )\___ | '_ | '_| | '_ \/ _` | \ \ \ \
 \\/  ___)| |_)| | | | | || (_| |  ) ) ) )
  '  |____| .__|_| |_|_| |_\__, | / / / /
 =========|_|==============|___/=/_/_/_/
 :: Spring Boot ::                (v2.7.3)

2022-09-26 18:09:54.108  INFO 3300 --- [    Test worker] p.n.NoticeboardApplicationTests          : Starting NoticeboardApplicationTests using Java 13.0.2 on DESKTOP-4N28F0B with PID 3300 (started by qlqkt in C:\Users\qlqkt\noticeboard)
2022-09-26 18:09:54.110  INFO 3300 --- [    Test worker] p.n.NoticeboardApplicationTests          : No active profile set, falling back to 1 default profile: "default"
2022-09-26 18:09:54.900  INFO 3300 --- [    Test worker] .s.d.r.c.RepositoryConfigurationDelegate : Bootstrapping Spring Data JPA repositories in DEFAULT mode.
2022-09-26 18:09:54.965  INFO 3300 --- [    Test worker] .s.d.r.c.RepositoryConfigurationDelegate : Finished Spring Data repository scanning in 57 ms. Found 2 JPA repository interfaces.
2022-09-26 18:09:55.501  INFO 3300 --- [    Test worker] com.zaxxer.hikari.HikariDataSource       : HikariPool-1 - Starting...
2022-09-26 18:09:55.773  INFO 3300 --- [    Test worker] com.zaxxer.hikari.HikariDataSource       : HikariPool-1 - Start completed.
2022-09-26 18:09:55.933  INFO 3300 --- [    Test worker] o.hibernate.jpa.internal.util.LogHelper  : HHH000204: Processing PersistenceUnitInfo [name: default]
2022-09-26 18:09:56.007  INFO 3300 --- [    Test worker] org.hibernate.Version                    : HHH000412: Hibernate ORM core version 5.6.10.Final
2022-09-26 18:09:56.218  INFO 3300 --- [    Test worker] o.hibernate.annotations.common.Version   : HCANN000001: Hibernate Commons Annotations {5.1.2.Final}
2022-09-26 18:09:56.356  INFO 3300 --- [    Test worker] org.hibernate.dialect.Dialect            : HHH000400: Using dialect: org.hibernate.dialect.MySQL57Dialect
Hibernate: drop table if exists posts
Hibernate: drop table if exists users
Hibernate: create table posts (id bigint not null auto_increment, created_date datetime(6), modified_date datetime(6), author varchar(255), content TEXT not null, title varchar(500) not null, primary key (id)) engine=InnoDB
Hibernate: create table users (id bigint not null auto_increment, created_date datetime(6), modified_date datetime(6), email varchar(255) not null, name varchar(255) not null, picture varchar(255), role varchar(255) not null, primary key (id)) engine=InnoDB
2022-09-26 18:09:57.051  INFO 3300 --- [    Test worker] o.h.e.t.j.p.i.JtaPlatformInitiator       : HHH000490: Using JtaPlatform implementation: [org.hibernate.engine.transaction.jta.platform.internal.NoJtaPlatform]
2022-09-26 18:09:57.064  INFO 3300 --- [    Test worker] j.LocalContainerEntityManagerFactoryBean : Initialized JPA EntityManagerFactory for persistence unit 'default'
2022-09-26 18:09:58.093  INFO 3300 --- [    Test worker] o.s.s.web.DefaultSecurityFilterChain     : Will secure any request with [org.springframework.security.web.session.DisableEncodeUrlFilter@694f0655, org.springframework.security.web.context.request.async.WebAsyncManagerIntegrationFilter@3b11deb6, org.springframework.security.web.context.SecurityContextPersistenceFilter@3f2d2f22, org.springframework.security.web.header.HeaderWriterFilter@27107a97, org.springframework.security.web.authentication.logout.LogoutFilter@75c3584e, org.springframework.security.oauth2.client.web.OAuth2AuthorizationRequestRedirectFilter@1dbf727a, org.springframework.security.oauth2.client.web.OAuth2LoginAuthenticationFilter@47f416d0, org.springframework.security.web.authentication.ui.DefaultLoginPageGeneratingFilter@3ee2d546, org.springframework.security.web.authentication.ui.DefaultLogoutPageGeneratingFilter@5d08a65c, org.springframework.security.web.savedrequest.RequestCacheAwareFilter@30221cfa, org.springframework.security.web.servletapi.SecurityContextHolderAwareRequestFilter@59845a40, org.springframework.security.web.authentication.AnonymousAuthenticationFilter@5c13534a, org.springframework.security.web.session.SessionManagementFilter@7f49df25, org.springframework.security.web.access.ExceptionTranslationFilter@6ca30886, org.springframework.security.web.access.intercept.AuthorizationFilter@27ac3b6d]
2022-09-26 18:09:58.410  WARN 3300 --- [    Test worker] JpaBaseConfiguration$JpaWebConfiguration : spring.jpa.open-in-view is enabled by default. Therefore, database queries may be performed during view rendering. Explicitly configure spring.jpa.open-in-view to disable this warning
2022-09-26 18:09:58.765  INFO 3300 --- [    Test worker] o.s.b.a.w.s.WelcomePageHandlerMapping    : Adding welcome page template: index
2022-09-26 18:09:59.312  INFO 3300 --- [    Test worker] s.a.ScheduledAnnotationBeanPostProcessor : No TaskScheduler/ScheduledExecutorService bean found for scheduled processing
2022-09-26 18:09:59.322  INFO 3300 --- [    Test worker] p.n.NoticeboardApplicationTests          : Started NoticeboardApplicationTests in 5.482 seconds (JVM running for 7.622)
]]></system-out>
  <system-err><![CDATA[]]></system-err>
</testsuite>
