<?xml version="1.0" encoding="UTF-8"?>
<testsuite name="project.noticeboard.repository.UserRepositoryTest" tests="1" skipped="0" failures="0" errors="0" timestamp="2022-09-24T13:07:38" hostname="DESKTOP-4N28F0B" time="0.192">
  <properties/>
  <testcase name="findByEmail()" classname="project.noticeboard.repository.UserRepositoryTest" time="0.192"/>
  <system-out><![CDATA[2022-09-24 22:07:38.088  INFO 5468 --- [    Test worker] .b.t.c.SpringBootTestContextBootstrapper : Neither @ContextConfiguration nor @ContextHierarchy found for test class [project.noticeboard.repository.UserRepositoryTest], using SpringBootContextLoader
2022-09-24 22:07:38.089  INFO 5468 --- [    Test worker] o.s.t.c.support.AbstractContextLoader    : Could not detect default resource locations for test class [project.noticeboard.repository.UserRepositoryTest]: no resource found for suffixes {-context.xml, Context.groovy}.
2022-09-24 22:07:38.089  INFO 5468 --- [    Test worker] t.c.s.AnnotationConfigContextLoaderUtils : Could not detect default configuration classes for test class [project.noticeboard.repository.UserRepositoryTest]: UserRepositoryTest does not declare any static, non-private, non-final, nested classes annotated with @Configuration.
2022-09-24 22:07:38.095  INFO 5468 --- [    Test worker] .b.t.c.SpringBootTestContextBootstrapper : Found @SpringBootConfiguration project.noticeboard.NoticeboardApplication for test class project.noticeboard.repository.UserRepositoryTest
2022-09-24 22:07:38.097  INFO 5468 --- [    Test worker] .b.t.c.SpringBootTestContextBootstrapper : Loaded default TestExecutionListener class names from location [META-INF/spring.factories]: [org.springframework.security.test.context.support.WithSecurityContextTestExecutionListener, org.springframework.security.test.context.support.ReactorContextTestExecutionListener, org.springframework.boot.test.autoconfigure.restdocs.RestDocsTestExecutionListener, org.springframework.boot.test.autoconfigure.web.client.MockRestServiceServerResetTestExecutionListener, org.springframework.boot.test.autoconfigure.web.servlet.MockMvcPrintOnlyOnFailureTestExecutionListener, org.springframework.boot.test.autoconfigure.web.servlet.WebDriverTestExecutionListener, org.springframework.boot.test.autoconfigure.webservices.client.MockWebServiceServerTestExecutionListener, org.springframework.boot.test.mock.mockito.MockitoTestExecutionListener, org.springframework.boot.test.mock.mockito.ResetMocksTestExecutionListener, org.springframework.test.context.web.ServletTestExecutionListener, org.springframework.test.context.support.DirtiesContextBeforeModesTestExecutionListener, org.springframework.test.context.event.ApplicationEventsTestExecutionListener, org.springframework.test.context.support.DependencyInjectionTestExecutionListener, org.springframework.test.context.support.DirtiesContextTestExecutionListener, org.springframework.test.context.transaction.TransactionalTestExecutionListener, org.springframework.test.context.jdbc.SqlScriptsTestExecutionListener, org.springframework.test.context.event.EventPublishingTestExecutionListener]
2022-09-24 22:07:38.098  INFO 5468 --- [    Test worker] .b.t.c.SpringBootTestContextBootstrapper : Using TestExecutionListeners: [org.springframework.test.context.web.ServletTestExecutionListener@11ec699, org.springframework.test.context.support.DirtiesContextBeforeModesTestExecutionListener@7d2ddbf3, org.springframework.test.context.event.ApplicationEventsTestExecutionListener@4eee730c, org.springframework.boot.test.mock.mockito.MockitoTestExecutionListener@1b1d1558, org.springframework.boot.test.autoconfigure.SpringBootDependencyInjectionTestExecutionListener@6cc022ac, org.springframework.test.context.support.DirtiesContextTestExecutionListener@7f219e84, org.springframework.test.context.transaction.TransactionalTestExecutionListener@42eaf47f, org.springframework.test.context.jdbc.SqlScriptsTestExecutionListener@312e8eaf, org.springframework.security.test.context.support.WithSecurityContextTestExecutionListener@5c960f64, org.springframework.test.context.event.EventPublishingTestExecutionListener@2f307fcc, org.springframework.security.test.context.support.ReactorContextTestExecutionListener@3aec2f59, org.springframework.boot.test.autoconfigure.restdocs.RestDocsTestExecutionListener@7f72855d, org.springframework.boot.test.autoconfigure.web.client.MockRestServiceServerResetTestExecutionListener@13f358f8, org.springframework.boot.test.autoconfigure.web.servlet.MockMvcPrintOnlyOnFailureTestExecutionListener@3f119b55, org.springframework.boot.test.autoconfigure.web.servlet.WebDriverTestExecutionListener@64dcfd09, org.springframework.boot.test.autoconfigure.webservices.client.MockWebServiceServerTestExecutionListener@fefd4a2, org.springframework.boot.test.mock.mockito.ResetMocksTestExecutionListener@6d2693f]
Hibernate: insert into users (created_date, modified_date, email, name, picture, role) values (?, ?, ?, ?, ?, ?)
Hibernate: select user0_.id as id1_1_, user0_.created_date as created_2_1_, user0_.modified_date as modified3_1_, user0_.email as email4_1_, user0_.name as name5_1_, user0_.picture as picture6_1_, user0_.role as role7_1_ from users user0_ where user0_.email=?
]]></system-out>
  <system-err><![CDATA[]]></system-err>
</testsuite>
