<?xml version="1.0" encoding="UTF-8"?>
<testsuite name="project.noticeboard.NoticeboardApplicationTests" tests="1" skipped="0" failures="0" errors="0" timestamp="2022-09-24T13:07:37" hostname="DESKTOP-4N28F0B" time="0.17">
  <properties/>
  <testcase name="contextLoads()" classname="project.noticeboard.NoticeboardApplicationTests" time="0.17"/>
  <system-out><![CDATA[22:07:31.876 [Test worker] DEBUG org.springframework.test.context.BootstrapUtils - Instantiating CacheAwareContextLoaderDelegate from class [org.springframework.test.context.cache.DefaultCacheAwareContextLoaderDelegate]
22:07:31.894 [Test worker] DEBUG org.springframework.test.context.BootstrapUtils - Instantiating BootstrapContext using constructor [public org.springframework.test.context.support.DefaultBootstrapContext(java.lang.Class,org.springframework.test.context.CacheAwareContextLoaderDelegate)]
22:07:31.937 [Test worker] DEBUG org.springframework.test.context.BootstrapUtils - Instantiating TestContextBootstrapper for test class [project.noticeboard.NoticeboardApplicationTests] from class [org.springframework.boot.test.context.SpringBootTestContextBootstrapper]
22:07:31.953 [Test worker] INFO org.springframework.boot.test.context.SpringBootTestContextBootstrapper - Neither @ContextConfiguration nor @ContextHierarchy found for test class [project.noticeboard.NoticeboardApplicationTests], using SpringBootContextLoader
22:07:31.958 [Test worker] DEBUG org.springframework.test.context.support.AbstractContextLoader - Did not detect default resource location for test class [project.noticeboard.NoticeboardApplicationTests]: class path resource [project/noticeboard/NoticeboardApplicationTests-context.xml] does not exist
22:07:31.959 [Test worker] DEBUG org.springframework.test.context.support.AbstractContextLoader - Did not detect default resource location for test class [project.noticeboard.NoticeboardApplicationTests]: class path resource [project/noticeboard/NoticeboardApplicationTestsContext.groovy] does not exist
22:07:31.959 [Test worker] INFO org.springframework.test.context.support.AbstractContextLoader - Could not detect default resource locations for test class [project.noticeboard.NoticeboardApplicationTests]: no resource found for suffixes {-context.xml, Context.groovy}.
22:07:31.961 [Test worker] INFO org.springframework.test.context.support.AnnotationConfigContextLoaderUtils - Could not detect default configuration classes for test class [project.noticeboard.NoticeboardApplicationTests]: NoticeboardApplicationTests does not declare any static, non-private, non-final, nested classes annotated with @Configuration.
22:07:32.019 [Test worker] DEBUG org.springframework.test.context.support.ActiveProfilesUtils - Could not find an 'annotation declaring class' for annotation type [org.springframework.test.context.ActiveProfiles] and class [project.noticeboard.NoticeboardApplicationTests]
22:07:32.096 [Test worker] DEBUG org.springframework.context.annotation.ClassPathScanningCandidateComponentProvider - Identified candidate component class: file [C:\Users\qlqkt\noticeboard\build\classes\java\main\project\noticeboard\NoticeboardApplication.class]
22:07:32.098 [Test worker] INFO org.springframework.boot.test.context.SpringBootTestContextBootstrapper - Found @SpringBootConfiguration project.noticeboard.NoticeboardApplication for test class project.noticeboard.NoticeboardApplicationTests
22:07:32.199 [Test worker] DEBUG org.springframework.boot.test.context.SpringBootTestContextBootstrapper - @TestExecutionListeners is not present for class [project.noticeboard.NoticeboardApplicationTests]: using defaults.
22:07:32.200 [Test worker] INFO org.springframework.boot.test.context.SpringBootTestContextBootstrapper - Loaded default TestExecutionListener class names from location [META-INF/spring.factories]: [org.springframework.security.test.context.support.WithSecurityContextTestExecutionListener, org.springframework.security.test.context.support.ReactorContextTestExecutionListener, org.springframework.boot.test.autoconfigure.restdocs.RestDocsTestExecutionListener, org.springframework.boot.test.autoconfigure.web.client.MockRestServiceServerResetTestExecutionListener, org.springframework.boot.test.autoconfigure.web.servlet.MockMvcPrintOnlyOnFailureTestExecutionListener, org.springframework.boot.test.autoconfigure.web.servlet.WebDriverTestExecutionListener, org.springframework.boot.test.autoconfigure.webservices.client.MockWebServiceServerTestExecutionListener, org.springframework.boot.test.mock.mockito.MockitoTestExecutionListener, org.springframework.boot.test.mock.mockito.ResetMocksTestExecutionListener, org.springframework.test.context.web.ServletTestExecutionListener, org.springframework.test.context.support.DirtiesContextBeforeModesTestExecutionListener, org.springframework.test.context.event.ApplicationEventsTestExecutionListener, org.springframework.test.context.support.DependencyInjectionTestExecutionListener, org.springframework.test.context.support.DirtiesContextTestExecutionListener, org.springframework.test.context.transaction.TransactionalTestExecutionListener, org.springframework.test.context.jdbc.SqlScriptsTestExecutionListener, org.springframework.test.context.event.EventPublishingTestExecutionListener]
22:07:32.224 [Test worker] INFO org.springframework.boot.test.context.SpringBootTestContextBootstrapper - Using TestExecutionListeners: [org.springframework.test.context.web.ServletTestExecutionListener@5b58ed3c, org.springframework.test.context.support.DirtiesContextBeforeModesTestExecutionListener@24faea88, org.springframework.test.context.event.ApplicationEventsTestExecutionListener@3a320ade, org.springframework.boot.test.mock.mockito.MockitoTestExecutionListener@64beebb7, org.springframework.boot.test.autoconfigure.SpringBootDependencyInjectionTestExecutionListener@7813cb11, org.springframework.test.context.support.DirtiesContextTestExecutionListener@bcec031, org.springframework.test.context.transaction.TransactionalTestExecutionListener@21005f6c, org.springframework.test.context.jdbc.SqlScriptsTestExecutionListener@32f0fba8, org.springframework.security.test.context.support.WithSecurityContextTestExecutionListener@545de5a4, org.springframework.test.context.event.EventPublishingTestExecutionListener@29ef6856, org.springframework.security.test.context.support.ReactorContextTestExecutionListener@ab7a938, org.springframework.boot.test.autoconfigure.restdocs.RestDocsTestExecutionListener@3faf2e7d, org.springframework.boot.test.autoconfigure.web.client.MockRestServiceServerResetTestExecutionListener@4648ce9, org.springframework.boot.test.autoconfigure.web.servlet.MockMvcPrintOnlyOnFailureTestExecutionListener@569bf9eb, org.springframework.boot.test.autoconfigure.web.servlet.WebDriverTestExecutionListener@61526469, org.springframework.boot.test.autoconfigure.webservices.client.MockWebServiceServerTestExecutionListener@274872f8, org.springframework.boot.test.mock.mockito.ResetMocksTestExecutionListener@76ba13c]
22:07:32.228 [Test worker] DEBUG org.springframework.test.context.support.AbstractDirtiesContextTestExecutionListener - Before test class: context [DefaultTestContext@743cb8e0 testClass = NoticeboardApplicationTests, testInstance = [null], testMethod = [null], testException = [null], mergedContextConfiguration = [WebMergedContextConfiguration@c7a975a testClass = NoticeboardApplicationTests, locations = '{}', classes = '{class project.noticeboard.NoticeboardApplication}', contextInitializerClasses = '[]', activeProfiles = '{}', propertySourceLocations = '{}', propertySourceProperties = '{org.springframework.boot.test.context.SpringBootTestContextBootstrapper=true}', contextCustomizers = set[org.springframework.boot.test.autoconfigure.actuate.metrics.MetricsExportContextCustomizerFactory$DisableMetricExportContextCustomizer@27d4a09, org.springframework.boot.test.autoconfigure.properties.PropertyMappingContextCustomizer@0, org.springframework.boot.test.autoconfigure.web.servlet.WebDriverContextCustomizerFactory$Customizer@42039326, org.springframework.boot.test.context.filter.ExcludeFilterContextCustomizer@63787180, org.springframework.boot.test.json.DuplicateJsonObjectContextCustomizerFactory$DuplicateJsonObjectContextCustomizer@386f0da3, org.springframework.boot.test.mock.mockito.MockitoContextCustomizer@0, org.springframework.boot.test.web.client.TestRestTemplateContextCustomizer@2ea6e30c, org.springframework.boot.test.context.SpringBootTestArgs@1, org.springframework.boot.test.context.SpringBootTestWebEnvironment@4e096385], resourceBasePath = 'src/main/webapp', contextLoader = 'org.springframework.boot.test.context.SpringBootContextLoader', parent = [null]], attributes = map['org.springframework.test.context.web.ServletTestExecutionListener.activateListener' -> true]], class annotated with @DirtiesContext [false] with mode [null].

  .   ____          _            __ _ _
 /\\ / ___'_ __ _ _(_)_ __  __ _ \ \ \ \
( ( )\___ | '_ | '_| | '_ \/ _` | \ \ \ \
 \\/  ___)| |_)| | | | | || (_| |  ) ) ) )
  '  |____| .__|_| |_|_| |_\__, | / / / /
 =========|_|==============|___/=/_/_/_/
 :: Spring Boot ::                (v2.7.3)

2022-09-24 22:07:32.566  INFO 5468 --- [    Test worker] p.n.NoticeboardApplicationTests          : Starting NoticeboardApplicationTests using Java 13.0.2 on DESKTOP-4N28F0B with PID 5468 (started by qlqkt in C:\Users\qlqkt\noticeboard)
2022-09-24 22:07:32.568  INFO 5468 --- [    Test worker] p.n.NoticeboardApplicationTests          : No active profile set, falling back to 1 default profile: "default"
2022-09-24 22:07:33.421  INFO 5468 --- [    Test worker] .s.d.r.c.RepositoryConfigurationDelegate : Bootstrapping Spring Data JPA repositories in DEFAULT mode.
2022-09-24 22:07:33.491  INFO 5468 --- [    Test worker] .s.d.r.c.RepositoryConfigurationDelegate : Finished Spring Data repository scanning in 62 ms. Found 2 JPA repository interfaces.
2022-09-24 22:07:34.088  INFO 5468 --- [    Test worker] com.zaxxer.hikari.HikariDataSource       : HikariPool-1 - Starting...
2022-09-24 22:07:34.339  INFO 5468 --- [    Test worker] com.zaxxer.hikari.HikariDataSource       : HikariPool-1 - Start completed.
2022-09-24 22:07:34.499  INFO 5468 --- [    Test worker] o.hibernate.jpa.internal.util.LogHelper  : HHH000204: Processing PersistenceUnitInfo [name: default]
2022-09-24 22:07:34.575  INFO 5468 --- [    Test worker] org.hibernate.Version                    : HHH000412: Hibernate ORM core version 5.6.10.Final
2022-09-24 22:07:34.794  INFO 5468 --- [    Test worker] o.hibernate.annotations.common.Version   : HCANN000001: Hibernate Commons Annotations {5.1.2.Final}
2022-09-24 22:07:34.949  INFO 5468 --- [    Test worker] org.hibernate.dialect.Dialect            : HHH000400: Using dialect: org.hibernate.dialect.MySQL57Dialect
Hibernate: drop table if exists posts
Hibernate: drop table if exists users
Hibernate: create table posts (id bigint not null auto_increment, created_date datetime(6), modified_date datetime(6), author varchar(255), content TEXT not null, title varchar(500) not null, primary key (id)) engine=InnoDB
Hibernate: create table users (id bigint not null auto_increment, created_date datetime(6), modified_date datetime(6), email varchar(255) not null, name varchar(255) not null, picture varchar(255), role varchar(255) not null, primary key (id)) engine=InnoDB
2022-09-24 22:07:35.640  INFO 5468 --- [    Test worker] o.h.e.t.j.p.i.JtaPlatformInitiator       : HHH000490: Using JtaPlatform implementation: [org.hibernate.engine.transaction.jta.platform.internal.NoJtaPlatform]
2022-09-24 22:07:35.650  INFO 5468 --- [    Test worker] j.LocalContainerEntityManagerFactoryBean : Initialized JPA EntityManagerFactory for persistence unit 'default'
2022-09-24 22:07:36.699  INFO 5468 --- [    Test worker] o.s.s.web.DefaultSecurityFilterChain     : Will secure any request with [org.springframework.security.web.session.DisableEncodeUrlFilter@5b9df3b3, org.springframework.security.web.context.request.async.WebAsyncManagerIntegrationFilter@67b20b4c, org.springframework.security.web.context.SecurityContextPersistenceFilter@4cb91fa4, org.springframework.security.web.header.HeaderWriterFilter@1a34772e, org.springframework.security.web.authentication.logout.LogoutFilter@41433530, org.springframework.security.oauth2.client.web.OAuth2AuthorizationRequestRedirectFilter@f0d01c9, org.springframework.security.oauth2.client.web.OAuth2LoginAuthenticationFilter@3c205259, org.springframework.security.web.authentication.ui.DefaultLoginPageGeneratingFilter@36e98434, org.springframework.security.web.authentication.ui.DefaultLogoutPageGeneratingFilter@7bbe532b, org.springframework.security.web.savedrequest.RequestCacheAwareFilter@2823b7c5, org.springframework.security.web.servletapi.SecurityContextHolderAwareRequestFilter@40f15786, org.springframework.security.web.authentication.AnonymousAuthenticationFilter@3e0a112f, org.springframework.security.web.session.SessionManagementFilter@42257df7, org.springframework.security.web.access.ExceptionTranslationFilter@30221cfa, org.springframework.security.web.access.intercept.AuthorizationFilter@18356951]
2022-09-24 22:07:37.003  WARN 5468 --- [    Test worker] JpaBaseConfiguration$JpaWebConfiguration : spring.jpa.open-in-view is enabled by default. Therefore, database queries may be performed during view rendering. Explicitly configure spring.jpa.open-in-view to disable this warning
2022-09-24 22:07:37.364  INFO 5468 --- [    Test worker] o.s.b.a.w.s.WelcomePageHandlerMapping    : Adding welcome page template: index
2022-09-24 22:07:37.886  INFO 5468 --- [    Test worker] s.a.ScheduledAnnotationBeanPostProcessor : No TaskScheduler/ScheduledExecutorService bean found for scheduled processing
2022-09-24 22:07:37.897  INFO 5468 --- [    Test worker] p.n.NoticeboardApplicationTests          : Started NoticeboardApplicationTests in 5.627 seconds (JVM running for 7.998)
]]></system-out>
  <system-err><![CDATA[]]></system-err>
</testsuite>
